<component name="libraryTable">
  <library name="junit-plugin">
    <CLASSES>
      <root url="jar://$PROJECT_DIR$/ideaSDK/plugins/junit/lib/idea-junit.jar!/" />
    </CLASSES>
    <JAVADOC />
    <SOURCES />
  </library>
</component>